<?xml version="1.0" encoding="UTF-8"?>
<!-- Generated by org.testng.reporters.JUnitReportReporter -->
<testsuite hostname="USBLRIBIJOSEPH2" failures="0" tests="1" name="testCases.UploadByCreate" time="467.963" errors="0" timestamp="5 Jul 2019 10:48:23 GMT">
  <testcase classname="testCases.UploadByCreate" name="testSetup" time="467.963"/>
</testsuite> <!-- testCases.UploadByCreate -->
