<?xml version="1.0" encoding="UTF-8"?>
<!-- Generated by org.testng.reporters.JUnitReportReporter -->
<testsuite hostname="USBLRIBIJOSEPH2" failures="0" tests="1" name="testCases.JiraApplicationLogin" time="34.942" errors="0" timestamp="5 Jul 2019 10:48:23 GMT">
  <testcase classname="testCases.JiraApplicationLogin" name="f" time="34.942"/>
</testsuite> <!-- testCases.JiraApplicationLogin -->
